<?xml version="1.0" encoding="UTF-8"?>
<!-- Generated by org.testng.reporters.JUnitReportReporter -->
<testsuite hostname="DrunkenHigh" failures="0" tests="2" name="qaclickacademy.AppiumTest" time="0.011" errors="0" timestamp="2022-04-10T23:22:03 IST" skipped="0">
  <testcase classname="qaclickacademy.AppiumTest" name="NativeAndroidapp" time="0.001"/>
  <system-out/>
  <testcase classname="qaclickacademy.AppiumTest" name="IOSapp" time="0.010"/>
  <system-out/>
</testsuite> <!-- qaclickacademy.AppiumTest -->
