<?xml version="1.0" encoding="UTF-8"?>
<!-- Generated by org.testng.reporters.JUnitReportReporter -->
<testsuite hostname="DrunkenHigh" failures="0" tests="2" name="qaclickacademy.AppiumTest" time="0.014" errors="0" timestamp="2022-04-11T03:28:10 IST" skipped="0">
  <testcase classname="qaclickacademy.AppiumTest" name="IOSapp" time="0.011"/>
  <system-out/>
  <testcase classname="qaclickacademy.AppiumTest" name="NativeAndroidapp" time="0.003"/>
  <system-out/>
</testsuite> <!-- qaclickacademy.AppiumTest -->
