<?xml version="1.0" encoding="UTF-8"?>
<!-- Generated by org.testng.reporters.JUnitReportReporter -->
<testsuite hostname="DrunkenHigh" failures="0" tests="2" name="qaclickacademy.RestAPITest" time="0.004" errors="0" timestamp="2022-04-11T03:26:55 IST" skipped="0">
  <testcase classname="qaclickacademy.RestAPITest" name="postjira" time="0.003"/>
  <system-out/>
  <testcase classname="qaclickacademy.RestAPITest" name="Deletetwitter" time="0.001"/>
  <system-out/>
</testsuite> <!-- qaclickacademy.RestAPITest -->
